2024-11-25 16:12:53,352:WARNING:
'cuml' is a soft dependency and not included in the pycaret installation. Please run: `pip install cuml` to install.
2024-11-25 16:12:53,354:WARNING:
'cuml' is a soft dependency and not included in the pycaret installation. Please run: `pip install cuml` to install.
2024-11-25 16:12:53,354:WARNING:
'cuml' is a soft dependency and not included in the pycaret installation. Please run: `pip install cuml` to install.
2024-11-25 16:12:53,354:WARNING:
'cuml' is a soft dependency and not included in the pycaret installation. Please run: `pip install cuml` to install.
2024-11-25 16:13:06,058:INFO:PyCaret ClassificationExperiment
2024-11-25 16:13:06,058:INFO:Logging name: clf-default-name
2024-11-25 16:13:06,059:INFO:ML Usecase: MLUsecase.CLASSIFICATION
2024-11-25 16:13:06,059:INFO:version 3.3.2
2024-11-25 16:13:06,060:INFO:Initializing setup()
2024-11-25 16:13:06,060:INFO:self.USI: 4425
2024-11-25 16:13:06,060:INFO:self._variable_keys: {'X', '_ml_usecase', 'seed', 'y', 'X_test', 'data', 'exp_name_log', 'fix_imbalance', 'y_train', 'exp_id', 'target_param', 'fold_groups_param', 'n_jobs_param', '_available_plots', 'pipeline', 'log_plots_param', 'idx', 'is_multiclass', 'y_test', 'fold_generator', 'gpu_param', 'gpu_n_jobs_param', 'X_train', 'USI', 'fold_shuffle_param', 'logging_param', 'memory', 'html_param'}
2024-11-25 16:13:06,060:INFO:Checking environment
2024-11-25 16:13:06,060:INFO:python_version: 3.10.8
2024-11-25 16:13:06,060:INFO:python_build: ('tags/v3.10.8:aaaf517', 'Oct 11 2022 16:50:30')
2024-11-25 16:13:06,060:INFO:machine: AMD64
2024-11-25 16:13:06,060:INFO:platform: Windows-10-10.0.22631-SP0
2024-11-25 16:13:06,071:INFO:Memory: svmem(total=16974336000, available=5559119872, percent=67.2, used=11415216128, free=5559119872)
2024-11-25 16:13:06,072:INFO:Physical Core: 4
2024-11-25 16:13:06,073:INFO:Logical Core: 8
2024-11-25 16:13:06,074:INFO:Checking libraries
2024-11-25 16:13:06,074:INFO:System:
2024-11-25 16:13:06,075:INFO:    python: 3.10.8 (tags/v3.10.8:aaaf517, Oct 11 2022, 16:50:30) [MSC v.1933 64 bit (AMD64)]
2024-11-25 16:13:06,075:INFO:executable: c:\Users\woutp\Documents\3AI\Cloud AI\Project\CloudAI\project_venv\Scripts\python.exe
2024-11-25 16:13:06,076:INFO:   machine: Windows-10-10.0.22631-SP0
2024-11-25 16:13:06,076:INFO:PyCaret required dependencies:
2024-11-25 16:13:06,283:INFO:                 pip: 22.2.2
2024-11-25 16:13:06,283:INFO:          setuptools: 63.2.0
2024-11-25 16:13:06,284:INFO:             pycaret: 3.3.2
2024-11-25 16:13:06,284:INFO:             IPython: 8.29.0
2024-11-25 16:13:06,285:INFO:          ipywidgets: 8.1.5
2024-11-25 16:13:06,285:INFO:                tqdm: 4.67.1
2024-11-25 16:13:06,286:INFO:               numpy: 1.26.4
2024-11-25 16:13:06,286:INFO:              pandas: 2.1.4
2024-11-25 16:13:06,287:INFO:              jinja2: 3.1.4
2024-11-25 16:13:06,287:INFO:               scipy: 1.11.4
2024-11-25 16:13:06,287:INFO:              joblib: 1.3.2
2024-11-25 16:13:06,287:INFO:             sklearn: 1.4.2
2024-11-25 16:13:06,287:INFO:                pyod: 2.0.2
2024-11-25 16:13:06,287:INFO:            imblearn: 0.12.4
2024-11-25 16:13:06,287:INFO:   category_encoders: 2.6.4
2024-11-25 16:13:06,287:INFO:            lightgbm: 4.5.0
2024-11-25 16:13:06,288:INFO:               numba: 0.60.0
2024-11-25 16:13:06,288:INFO:            requests: 2.32.3
2024-11-25 16:13:06,288:INFO:          matplotlib: 3.7.5
2024-11-25 16:13:06,288:INFO:          scikitplot: 0.3.7
2024-11-25 16:13:06,288:INFO:         yellowbrick: 1.5
2024-11-25 16:13:06,288:INFO:              plotly: 5.24.1
2024-11-25 16:13:06,288:INFO:    plotly-resampler: Not installed
2024-11-25 16:13:06,288:INFO:             kaleido: 0.2.1
2024-11-25 16:13:06,288:INFO:           schemdraw: 0.15
2024-11-25 16:13:06,288:INFO:         statsmodels: 0.14.4
2024-11-25 16:13:06,289:INFO:              sktime: 0.26.0
2024-11-25 16:13:06,289:INFO:               tbats: 1.1.3
2024-11-25 16:13:06,289:INFO:            pmdarima: 2.0.4
2024-11-25 16:13:06,289:INFO:              psutil: 6.1.0
2024-11-25 16:13:06,289:INFO:          markupsafe: 3.0.2
2024-11-25 16:13:06,289:INFO:             pickle5: Not installed
2024-11-25 16:13:06,289:INFO:         cloudpickle: 3.1.0
2024-11-25 16:13:06,289:INFO:         deprecation: 2.1.0
2024-11-25 16:13:06,289:INFO:              xxhash: 3.5.0
2024-11-25 16:13:06,289:INFO:           wurlitzer: Not installed
2024-11-25 16:13:06,290:INFO:PyCaret optional dependencies:
2024-11-25 16:13:06,341:INFO:                shap: Not installed
2024-11-25 16:13:06,342:INFO:           interpret: Not installed
2024-11-25 16:13:06,342:INFO:                umap: Not installed
2024-11-25 16:13:06,342:INFO:     ydata_profiling: Not installed
2024-11-25 16:13:06,342:INFO:  explainerdashboard: Not installed
2024-11-25 16:13:06,342:INFO:             autoviz: Not installed
2024-11-25 16:13:06,342:INFO:           fairlearn: Not installed
2024-11-25 16:13:06,342:INFO:          deepchecks: Not installed
2024-11-25 16:13:06,343:INFO:             xgboost: Not installed
2024-11-25 16:13:06,343:INFO:            catboost: Not installed
2024-11-25 16:13:06,343:INFO:              kmodes: Not installed
2024-11-25 16:13:06,343:INFO:             mlxtend: Not installed
2024-11-25 16:13:06,343:INFO:       statsforecast: Not installed
2024-11-25 16:13:06,343:INFO:        tune_sklearn: Not installed
2024-11-25 16:13:06,343:INFO:                 ray: Not installed
2024-11-25 16:13:06,343:INFO:            hyperopt: Not installed
2024-11-25 16:13:06,343:INFO:              optuna: Not installed
2024-11-25 16:13:06,344:INFO:               skopt: Not installed
2024-11-25 16:13:06,344:INFO:              mlflow: Not installed
2024-11-25 16:13:06,344:INFO:              gradio: Not installed
2024-11-25 16:13:06,344:INFO:             fastapi: Not installed
2024-11-25 16:13:06,344:INFO:             uvicorn: Not installed
2024-11-25 16:13:06,344:INFO:              m2cgen: Not installed
2024-11-25 16:13:06,344:INFO:           evidently: Not installed
2024-11-25 16:13:06,344:INFO:               fugue: Not installed
2024-11-25 16:13:06,344:INFO:           streamlit: Not installed
2024-11-25 16:13:06,345:INFO:             prophet: Not installed
2024-11-25 16:13:06,345:INFO:None
2024-11-25 16:13:06,345:INFO:Set up data.
2024-11-25 16:13:06,369:INFO:Set up folding strategy.
2024-11-25 16:13:06,369:INFO:Set up train/test split.
2024-11-25 16:17:03,832:INFO:PyCaret ClassificationExperiment
2024-11-25 16:17:03,832:INFO:Logging name: clf-default-name
2024-11-25 16:17:03,833:INFO:ML Usecase: MLUsecase.CLASSIFICATION
2024-11-25 16:17:03,833:INFO:version 3.3.2
2024-11-25 16:17:03,833:INFO:Initializing setup()
2024-11-25 16:17:03,833:INFO:self.USI: 1557
2024-11-25 16:17:03,833:INFO:self._variable_keys: {'X', '_ml_usecase', 'seed', 'y', 'X_test', 'data', 'exp_name_log', 'fix_imbalance', 'y_train', 'exp_id', 'target_param', 'fold_groups_param', 'n_jobs_param', '_available_plots', 'pipeline', 'log_plots_param', 'idx', 'is_multiclass', 'y_test', 'fold_generator', 'gpu_param', 'gpu_n_jobs_param', 'X_train', 'USI', 'fold_shuffle_param', 'logging_param', 'memory', 'html_param'}
2024-11-25 16:17:03,834:INFO:Checking environment
2024-11-25 16:17:03,834:INFO:python_version: 3.10.8
2024-11-25 16:17:03,834:INFO:python_build: ('tags/v3.10.8:aaaf517', 'Oct 11 2022 16:50:30')
2024-11-25 16:17:03,834:INFO:machine: AMD64
2024-11-25 16:17:03,834:INFO:platform: Windows-10-10.0.22631-SP0
2024-11-25 16:17:03,837:INFO:Memory: svmem(total=16974336000, available=5468065792, percent=67.8, used=11506270208, free=5468065792)
2024-11-25 16:17:03,837:INFO:Physical Core: 4
2024-11-25 16:17:03,837:INFO:Logical Core: 8
2024-11-25 16:17:03,838:INFO:Checking libraries
2024-11-25 16:17:03,838:INFO:System:
2024-11-25 16:17:03,838:INFO:    python: 3.10.8 (tags/v3.10.8:aaaf517, Oct 11 2022, 16:50:30) [MSC v.1933 64 bit (AMD64)]
2024-11-25 16:17:03,838:INFO:executable: c:\Users\woutp\Documents\3AI\Cloud AI\Project\CloudAI\project_venv\Scripts\python.exe
2024-11-25 16:17:03,839:INFO:   machine: Windows-10-10.0.22631-SP0
2024-11-25 16:17:03,839:INFO:PyCaret required dependencies:
2024-11-25 16:17:03,839:INFO:                 pip: 22.2.2
2024-11-25 16:17:03,839:INFO:          setuptools: 63.2.0
2024-11-25 16:17:03,839:INFO:             pycaret: 3.3.2
2024-11-25 16:17:03,839:INFO:             IPython: 8.29.0
2024-11-25 16:17:03,839:INFO:          ipywidgets: 8.1.5
2024-11-25 16:17:03,839:INFO:                tqdm: 4.67.1
2024-11-25 16:17:03,839:INFO:               numpy: 1.26.4
2024-11-25 16:17:03,839:INFO:              pandas: 2.1.4
2024-11-25 16:17:03,839:INFO:              jinja2: 3.1.4
2024-11-25 16:17:03,840:INFO:               scipy: 1.11.4
2024-11-25 16:17:03,840:INFO:              joblib: 1.3.2
2024-11-25 16:17:03,840:INFO:             sklearn: 1.4.2
2024-11-25 16:17:03,840:INFO:                pyod: 2.0.2
2024-11-25 16:17:03,841:INFO:            imblearn: 0.12.4
2024-11-25 16:17:03,841:INFO:   category_encoders: 2.6.4
2024-11-25 16:17:03,841:INFO:            lightgbm: 4.5.0
2024-11-25 16:17:03,841:INFO:               numba: 0.60.0
2024-11-25 16:17:03,841:INFO:            requests: 2.32.3
2024-11-25 16:17:03,841:INFO:          matplotlib: 3.7.5
2024-11-25 16:17:03,841:INFO:          scikitplot: 0.3.7
2024-11-25 16:17:03,841:INFO:         yellowbrick: 1.5
2024-11-25 16:17:03,841:INFO:              plotly: 5.24.1
2024-11-25 16:17:03,841:INFO:    plotly-resampler: Not installed
2024-11-25 16:17:03,841:INFO:             kaleido: 0.2.1
2024-11-25 16:17:03,841:INFO:           schemdraw: 0.15
2024-11-25 16:17:03,841:INFO:         statsmodels: 0.14.4
2024-11-25 16:17:03,841:INFO:              sktime: 0.26.0
2024-11-25 16:17:03,841:INFO:               tbats: 1.1.3
2024-11-25 16:17:03,841:INFO:            pmdarima: 2.0.4
2024-11-25 16:17:03,841:INFO:              psutil: 6.1.0
2024-11-25 16:17:03,841:INFO:          markupsafe: 3.0.2
2024-11-25 16:17:03,841:INFO:             pickle5: Not installed
2024-11-25 16:17:03,843:INFO:         cloudpickle: 3.1.0
2024-11-25 16:17:03,843:INFO:         deprecation: 2.1.0
2024-11-25 16:17:03,843:INFO:              xxhash: 3.5.0
2024-11-25 16:17:03,843:INFO:           wurlitzer: Not installed
2024-11-25 16:17:03,843:INFO:PyCaret optional dependencies:
2024-11-25 16:17:03,843:INFO:                shap: Not installed
2024-11-25 16:17:03,843:INFO:           interpret: Not installed
2024-11-25 16:17:03,843:INFO:                umap: Not installed
2024-11-25 16:17:03,843:INFO:     ydata_profiling: Not installed
2024-11-25 16:17:03,843:INFO:  explainerdashboard: Not installed
2024-11-25 16:17:03,843:INFO:             autoviz: Not installed
2024-11-25 16:17:03,843:INFO:           fairlearn: Not installed
2024-11-25 16:17:03,843:INFO:          deepchecks: Not installed
2024-11-25 16:17:03,843:INFO:             xgboost: Not installed
2024-11-25 16:17:03,843:INFO:            catboost: Not installed
2024-11-25 16:17:03,843:INFO:              kmodes: Not installed
2024-11-25 16:17:03,843:INFO:             mlxtend: Not installed
2024-11-25 16:17:03,843:INFO:       statsforecast: Not installed
2024-11-25 16:17:03,843:INFO:        tune_sklearn: Not installed
2024-11-25 16:17:03,844:INFO:                 ray: Not installed
2024-11-25 16:17:03,844:INFO:            hyperopt: Not installed
2024-11-25 16:17:03,844:INFO:              optuna: Not installed
2024-11-25 16:17:03,844:INFO:               skopt: Not installed
2024-11-25 16:17:03,844:INFO:              mlflow: Not installed
2024-11-25 16:17:03,844:INFO:              gradio: Not installed
2024-11-25 16:17:03,844:INFO:             fastapi: Not installed
2024-11-25 16:17:03,844:INFO:             uvicorn: Not installed
2024-11-25 16:17:03,844:INFO:              m2cgen: Not installed
2024-11-25 16:17:03,844:INFO:           evidently: Not installed
2024-11-25 16:17:03,844:INFO:               fugue: Not installed
2024-11-25 16:17:03,844:INFO:           streamlit: Not installed
2024-11-25 16:17:03,844:INFO:             prophet: Not installed
2024-11-25 16:17:03,845:INFO:None
2024-11-25 16:17:03,845:INFO:Set up data.
2024-11-25 16:17:03,853:INFO:Set up folding strategy.
2024-11-25 16:17:03,853:INFO:Set up train/test split.
2024-11-25 16:17:54,602:INFO:PyCaret ClassificationExperiment
2024-11-25 16:17:54,603:INFO:Logging name: clf-default-name
2024-11-25 16:17:54,603:INFO:ML Usecase: MLUsecase.CLASSIFICATION
2024-11-25 16:17:54,603:INFO:version 3.3.2
2024-11-25 16:17:54,605:INFO:Initializing setup()
2024-11-25 16:17:54,605:INFO:self.USI: 264b
2024-11-25 16:17:54,606:INFO:self._variable_keys: {'X', '_ml_usecase', 'seed', 'y', 'X_test', 'data', 'exp_name_log', 'fix_imbalance', 'y_train', 'exp_id', 'target_param', 'fold_groups_param', 'n_jobs_param', '_available_plots', 'pipeline', 'log_plots_param', 'idx', 'is_multiclass', 'y_test', 'fold_generator', 'gpu_param', 'gpu_n_jobs_param', 'X_train', 'USI', 'fold_shuffle_param', 'logging_param', 'memory', 'html_param'}
2024-11-25 16:17:54,606:INFO:Checking environment
2024-11-25 16:17:54,606:INFO:python_version: 3.10.8
2024-11-25 16:17:54,606:INFO:python_build: ('tags/v3.10.8:aaaf517', 'Oct 11 2022 16:50:30')
2024-11-25 16:17:54,606:INFO:machine: AMD64
2024-11-25 16:17:54,606:INFO:platform: Windows-10-10.0.22631-SP0
2024-11-25 16:17:54,613:INFO:Memory: svmem(total=16974336000, available=5464453120, percent=67.8, used=11509882880, free=5464453120)
2024-11-25 16:17:54,613:INFO:Physical Core: 4
2024-11-25 16:17:54,613:INFO:Logical Core: 8
2024-11-25 16:17:54,613:INFO:Checking libraries
2024-11-25 16:17:54,613:INFO:System:
2024-11-25 16:17:54,613:INFO:    python: 3.10.8 (tags/v3.10.8:aaaf517, Oct 11 2022, 16:50:30) [MSC v.1933 64 bit (AMD64)]
2024-11-25 16:17:54,613:INFO:executable: c:\Users\woutp\Documents\3AI\Cloud AI\Project\CloudAI\project_venv\Scripts\python.exe
2024-11-25 16:17:54,613:INFO:   machine: Windows-10-10.0.22631-SP0
2024-11-25 16:17:54,613:INFO:PyCaret required dependencies:
2024-11-25 16:17:54,614:INFO:                 pip: 22.2.2
2024-11-25 16:17:54,614:INFO:          setuptools: 63.2.0
2024-11-25 16:17:54,614:INFO:             pycaret: 3.3.2
2024-11-25 16:17:54,614:INFO:             IPython: 8.29.0
2024-11-25 16:17:54,614:INFO:          ipywidgets: 8.1.5
2024-11-25 16:17:54,614:INFO:                tqdm: 4.67.1
2024-11-25 16:17:54,614:INFO:               numpy: 1.26.4
2024-11-25 16:17:54,614:INFO:              pandas: 2.1.4
2024-11-25 16:17:54,614:INFO:              jinja2: 3.1.4
2024-11-25 16:17:54,614:INFO:               scipy: 1.11.4
2024-11-25 16:17:54,614:INFO:              joblib: 1.3.2
2024-11-25 16:17:54,614:INFO:             sklearn: 1.4.2
2024-11-25 16:17:54,614:INFO:                pyod: 2.0.2
2024-11-25 16:17:54,614:INFO:            imblearn: 0.12.4
2024-11-25 16:17:54,614:INFO:   category_encoders: 2.6.4
2024-11-25 16:17:54,614:INFO:            lightgbm: 4.5.0
2024-11-25 16:17:54,614:INFO:               numba: 0.60.0
2024-11-25 16:17:54,614:INFO:            requests: 2.32.3
2024-11-25 16:17:54,614:INFO:          matplotlib: 3.7.5
2024-11-25 16:17:54,614:INFO:          scikitplot: 0.3.7
2024-11-25 16:17:54,615:INFO:         yellowbrick: 1.5
2024-11-25 16:17:54,615:INFO:              plotly: 5.24.1
2024-11-25 16:17:54,615:INFO:    plotly-resampler: Not installed
2024-11-25 16:17:54,615:INFO:             kaleido: 0.2.1
2024-11-25 16:17:54,615:INFO:           schemdraw: 0.15
2024-11-25 16:17:54,615:INFO:         statsmodels: 0.14.4
2024-11-25 16:17:54,615:INFO:              sktime: 0.26.0
2024-11-25 16:17:54,615:INFO:               tbats: 1.1.3
2024-11-25 16:17:54,617:INFO:            pmdarima: 2.0.4
2024-11-25 16:17:54,617:INFO:              psutil: 6.1.0
2024-11-25 16:17:54,617:INFO:          markupsafe: 3.0.2
2024-11-25 16:17:54,617:INFO:             pickle5: Not installed
2024-11-25 16:17:54,617:INFO:         cloudpickle: 3.1.0
2024-11-25 16:17:54,617:INFO:         deprecation: 2.1.0
2024-11-25 16:17:54,617:INFO:              xxhash: 3.5.0
2024-11-25 16:17:54,617:INFO:           wurlitzer: Not installed
2024-11-25 16:17:54,617:INFO:PyCaret optional dependencies:
2024-11-25 16:17:54,617:INFO:                shap: Not installed
2024-11-25 16:17:54,617:INFO:           interpret: Not installed
2024-11-25 16:17:54,618:INFO:                umap: Not installed
2024-11-25 16:17:54,618:INFO:     ydata_profiling: Not installed
2024-11-25 16:17:54,618:INFO:  explainerdashboard: Not installed
2024-11-25 16:17:54,618:INFO:             autoviz: Not installed
2024-11-25 16:17:54,618:INFO:           fairlearn: Not installed
2024-11-25 16:17:54,618:INFO:          deepchecks: Not installed
2024-11-25 16:17:54,618:INFO:             xgboost: Not installed
2024-11-25 16:17:54,618:INFO:            catboost: Not installed
2024-11-25 16:17:54,618:INFO:              kmodes: Not installed
2024-11-25 16:17:54,618:INFO:             mlxtend: Not installed
2024-11-25 16:17:54,619:INFO:       statsforecast: Not installed
2024-11-25 16:17:54,619:INFO:        tune_sklearn: Not installed
2024-11-25 16:17:54,619:INFO:                 ray: Not installed
2024-11-25 16:17:54,619:INFO:            hyperopt: Not installed
2024-11-25 16:17:54,619:INFO:              optuna: Not installed
2024-11-25 16:17:54,619:INFO:               skopt: Not installed
2024-11-25 16:17:54,619:INFO:              mlflow: Not installed
2024-11-25 16:17:54,619:INFO:              gradio: Not installed
2024-11-25 16:17:54,619:INFO:             fastapi: Not installed
2024-11-25 16:17:54,619:INFO:             uvicorn: Not installed
2024-11-25 16:17:54,619:INFO:              m2cgen: Not installed
2024-11-25 16:17:54,619:INFO:           evidently: Not installed
2024-11-25 16:17:54,619:INFO:               fugue: Not installed
2024-11-25 16:17:54,619:INFO:           streamlit: Not installed
2024-11-25 16:17:54,619:INFO:             prophet: Not installed
2024-11-25 16:17:54,620:INFO:None
2024-11-25 16:17:54,620:INFO:Set up data.
2024-11-25 16:17:54,631:INFO:Set up folding strategy.
2024-11-25 16:17:54,631:INFO:Set up train/test split.
2024-11-25 16:18:13,363:INFO:PyCaret ClassificationExperiment
2024-11-25 16:18:13,363:INFO:Logging name: clf-default-name
2024-11-25 16:18:13,363:INFO:ML Usecase: MLUsecase.CLASSIFICATION
2024-11-25 16:18:13,364:INFO:version 3.3.2
2024-11-25 16:18:13,364:INFO:Initializing setup()
2024-11-25 16:18:13,364:INFO:self.USI: 69f7
2024-11-25 16:18:13,364:INFO:self._variable_keys: {'X', '_ml_usecase', 'seed', 'y', 'X_test', 'data', 'exp_name_log', 'fix_imbalance', 'y_train', 'exp_id', 'target_param', 'fold_groups_param', 'n_jobs_param', '_available_plots', 'pipeline', 'log_plots_param', 'idx', 'is_multiclass', 'y_test', 'fold_generator', 'gpu_param', 'gpu_n_jobs_param', 'X_train', 'USI', 'fold_shuffle_param', 'logging_param', 'memory', 'html_param'}
2024-11-25 16:18:13,364:INFO:Checking environment
2024-11-25 16:18:13,364:INFO:python_version: 3.10.8
2024-11-25 16:18:13,364:INFO:python_build: ('tags/v3.10.8:aaaf517', 'Oct 11 2022 16:50:30')
2024-11-25 16:18:13,365:INFO:machine: AMD64
2024-11-25 16:18:13,365:INFO:platform: Windows-10-10.0.22631-SP0
2024-11-25 16:18:13,368:INFO:Memory: svmem(total=16974336000, available=5444820992, percent=67.9, used=11529515008, free=5444820992)
2024-11-25 16:18:13,368:INFO:Physical Core: 4
2024-11-25 16:18:13,368:INFO:Logical Core: 8
2024-11-25 16:18:13,368:INFO:Checking libraries
2024-11-25 16:18:13,368:INFO:System:
2024-11-25 16:18:13,368:INFO:    python: 3.10.8 (tags/v3.10.8:aaaf517, Oct 11 2022, 16:50:30) [MSC v.1933 64 bit (AMD64)]
2024-11-25 16:18:13,368:INFO:executable: c:\Users\woutp\Documents\3AI\Cloud AI\Project\CloudAI\project_venv\Scripts\python.exe
2024-11-25 16:18:13,368:INFO:   machine: Windows-10-10.0.22631-SP0
2024-11-25 16:18:13,368:INFO:PyCaret required dependencies:
2024-11-25 16:18:13,369:INFO:                 pip: 22.2.2
2024-11-25 16:18:13,369:INFO:          setuptools: 63.2.0
2024-11-25 16:18:13,369:INFO:             pycaret: 3.3.2
2024-11-25 16:18:13,369:INFO:             IPython: 8.29.0
2024-11-25 16:18:13,369:INFO:          ipywidgets: 8.1.5
2024-11-25 16:18:13,369:INFO:                tqdm: 4.67.1
2024-11-25 16:18:13,369:INFO:               numpy: 1.26.4
2024-11-25 16:18:13,369:INFO:              pandas: 2.1.4
2024-11-25 16:18:13,369:INFO:              jinja2: 3.1.4
2024-11-25 16:18:13,369:INFO:               scipy: 1.11.4
2024-11-25 16:18:13,369:INFO:              joblib: 1.3.2
2024-11-25 16:18:13,369:INFO:             sklearn: 1.4.2
2024-11-25 16:18:13,369:INFO:                pyod: 2.0.2
2024-11-25 16:18:13,369:INFO:            imblearn: 0.12.4
2024-11-25 16:18:13,369:INFO:   category_encoders: 2.6.4
2024-11-25 16:18:13,369:INFO:            lightgbm: 4.5.0
2024-11-25 16:18:13,370:INFO:               numba: 0.60.0
2024-11-25 16:18:13,370:INFO:            requests: 2.32.3
2024-11-25 16:18:13,370:INFO:          matplotlib: 3.7.5
2024-11-25 16:18:13,370:INFO:          scikitplot: 0.3.7
2024-11-25 16:18:13,370:INFO:         yellowbrick: 1.5
2024-11-25 16:18:13,370:INFO:              plotly: 5.24.1
2024-11-25 16:18:13,370:INFO:    plotly-resampler: Not installed
2024-11-25 16:18:13,370:INFO:             kaleido: 0.2.1
2024-11-25 16:18:13,370:INFO:           schemdraw: 0.15
2024-11-25 16:18:13,370:INFO:         statsmodels: 0.14.4
2024-11-25 16:18:13,370:INFO:              sktime: 0.26.0
2024-11-25 16:18:13,370:INFO:               tbats: 1.1.3
2024-11-25 16:18:13,370:INFO:            pmdarima: 2.0.4
2024-11-25 16:18:13,370:INFO:              psutil: 6.1.0
2024-11-25 16:18:13,370:INFO:          markupsafe: 3.0.2
2024-11-25 16:18:13,371:INFO:             pickle5: Not installed
2024-11-25 16:18:13,371:INFO:         cloudpickle: 3.1.0
2024-11-25 16:18:13,371:INFO:         deprecation: 2.1.0
2024-11-25 16:18:13,371:INFO:              xxhash: 3.5.0
2024-11-25 16:18:13,371:INFO:           wurlitzer: Not installed
2024-11-25 16:18:13,371:INFO:PyCaret optional dependencies:
2024-11-25 16:18:13,371:INFO:                shap: Not installed
2024-11-25 16:18:13,371:INFO:           interpret: Not installed
2024-11-25 16:18:13,371:INFO:                umap: Not installed
2024-11-25 16:18:13,371:INFO:     ydata_profiling: Not installed
2024-11-25 16:18:13,371:INFO:  explainerdashboard: Not installed
2024-11-25 16:18:13,371:INFO:             autoviz: Not installed
2024-11-25 16:18:13,371:INFO:           fairlearn: Not installed
2024-11-25 16:18:13,371:INFO:          deepchecks: Not installed
2024-11-25 16:18:13,371:INFO:             xgboost: Not installed
2024-11-25 16:18:13,371:INFO:            catboost: Not installed
2024-11-25 16:18:13,371:INFO:              kmodes: Not installed
2024-11-25 16:18:13,372:INFO:             mlxtend: Not installed
2024-11-25 16:18:13,372:INFO:       statsforecast: Not installed
2024-11-25 16:18:13,372:INFO:        tune_sklearn: Not installed
2024-11-25 16:18:13,372:INFO:                 ray: Not installed
2024-11-25 16:18:13,372:INFO:            hyperopt: Not installed
2024-11-25 16:18:13,372:INFO:              optuna: Not installed
2024-11-25 16:18:13,372:INFO:               skopt: Not installed
2024-11-25 16:18:13,372:INFO:              mlflow: Not installed
2024-11-25 16:18:13,372:INFO:              gradio: Not installed
2024-11-25 16:18:13,373:INFO:             fastapi: Not installed
2024-11-25 16:18:13,373:INFO:             uvicorn: Not installed
2024-11-25 16:18:13,373:INFO:              m2cgen: Not installed
2024-11-25 16:18:13,373:INFO:           evidently: Not installed
2024-11-25 16:18:13,373:INFO:               fugue: Not installed
2024-11-25 16:18:13,373:INFO:           streamlit: Not installed
2024-11-25 16:18:13,373:INFO:             prophet: Not installed
2024-11-25 16:18:13,373:INFO:None
2024-11-25 16:18:13,373:INFO:Set up data.
2024-11-25 16:18:13,385:INFO:Set up folding strategy.
2024-11-25 16:18:13,385:INFO:Set up train/test split.
2024-11-25 16:18:24,714:INFO:PyCaret ClassificationExperiment
2024-11-25 16:18:24,714:INFO:Logging name: clf-default-name
2024-11-25 16:18:24,714:INFO:ML Usecase: MLUsecase.CLASSIFICATION
2024-11-25 16:18:24,714:INFO:version 3.3.2
2024-11-25 16:18:24,714:INFO:Initializing setup()
2024-11-25 16:18:24,714:INFO:self.USI: e153
2024-11-25 16:18:24,714:INFO:self._variable_keys: {'X', '_ml_usecase', 'seed', 'y', 'X_test', 'data', 'exp_name_log', 'fix_imbalance', 'y_train', 'exp_id', 'target_param', 'fold_groups_param', 'n_jobs_param', '_available_plots', 'pipeline', 'log_plots_param', 'idx', 'is_multiclass', 'y_test', 'fold_generator', 'gpu_param', 'gpu_n_jobs_param', 'X_train', 'USI', 'fold_shuffle_param', 'logging_param', 'memory', 'html_param'}
2024-11-25 16:18:24,715:INFO:Checking environment
2024-11-25 16:18:24,715:INFO:python_version: 3.10.8
2024-11-25 16:18:24,715:INFO:python_build: ('tags/v3.10.8:aaaf517', 'Oct 11 2022 16:50:30')
2024-11-25 16:18:24,715:INFO:machine: AMD64
2024-11-25 16:18:24,715:INFO:platform: Windows-10-10.0.22631-SP0
2024-11-25 16:18:24,721:INFO:Memory: svmem(total=16974336000, available=5428973568, percent=68.0, used=11545362432, free=5428973568)
2024-11-25 16:18:24,721:INFO:Physical Core: 4
2024-11-25 16:18:24,721:INFO:Logical Core: 8
2024-11-25 16:18:24,721:INFO:Checking libraries
2024-11-25 16:18:24,721:INFO:System:
2024-11-25 16:18:24,721:INFO:    python: 3.10.8 (tags/v3.10.8:aaaf517, Oct 11 2022, 16:50:30) [MSC v.1933 64 bit (AMD64)]
2024-11-25 16:18:24,721:INFO:executable: c:\Users\woutp\Documents\3AI\Cloud AI\Project\CloudAI\project_venv\Scripts\python.exe
2024-11-25 16:18:24,721:INFO:   machine: Windows-10-10.0.22631-SP0
2024-11-25 16:18:24,721:INFO:PyCaret required dependencies:
2024-11-25 16:18:24,721:INFO:                 pip: 22.2.2
2024-11-25 16:18:24,721:INFO:          setuptools: 63.2.0
2024-11-25 16:18:24,721:INFO:             pycaret: 3.3.2
2024-11-25 16:18:24,721:INFO:             IPython: 8.29.0
2024-11-25 16:18:24,721:INFO:          ipywidgets: 8.1.5
2024-11-25 16:18:24,721:INFO:                tqdm: 4.67.1
2024-11-25 16:18:24,723:INFO:               numpy: 1.26.4
2024-11-25 16:18:24,723:INFO:              pandas: 2.1.4
2024-11-25 16:18:24,723:INFO:              jinja2: 3.1.4
2024-11-25 16:18:24,723:INFO:               scipy: 1.11.4
2024-11-25 16:18:24,723:INFO:              joblib: 1.3.2
2024-11-25 16:18:24,723:INFO:             sklearn: 1.4.2
2024-11-25 16:18:24,723:INFO:                pyod: 2.0.2
2024-11-25 16:18:24,723:INFO:            imblearn: 0.12.4
2024-11-25 16:18:24,724:INFO:   category_encoders: 2.6.4
2024-11-25 16:18:24,724:INFO:            lightgbm: 4.5.0
2024-11-25 16:18:24,724:INFO:               numba: 0.60.0
2024-11-25 16:18:24,725:INFO:            requests: 2.32.3
2024-11-25 16:18:24,726:INFO:          matplotlib: 3.7.5
2024-11-25 16:18:24,726:INFO:          scikitplot: 0.3.7
2024-11-25 16:18:24,726:INFO:         yellowbrick: 1.5
2024-11-25 16:18:24,726:INFO:              plotly: 5.24.1
2024-11-25 16:18:24,726:INFO:    plotly-resampler: Not installed
2024-11-25 16:18:24,726:INFO:             kaleido: 0.2.1
2024-11-25 16:18:24,726:INFO:           schemdraw: 0.15
2024-11-25 16:18:24,727:INFO:         statsmodels: 0.14.4
2024-11-25 16:18:24,727:INFO:              sktime: 0.26.0
2024-11-25 16:18:24,727:INFO:               tbats: 1.1.3
2024-11-25 16:18:24,727:INFO:            pmdarima: 2.0.4
2024-11-25 16:18:24,727:INFO:              psutil: 6.1.0
2024-11-25 16:18:24,727:INFO:          markupsafe: 3.0.2
2024-11-25 16:18:24,727:INFO:             pickle5: Not installed
2024-11-25 16:18:24,727:INFO:         cloudpickle: 3.1.0
2024-11-25 16:18:24,727:INFO:         deprecation: 2.1.0
2024-11-25 16:18:24,727:INFO:              xxhash: 3.5.0
2024-11-25 16:18:24,727:INFO:           wurlitzer: Not installed
2024-11-25 16:18:24,727:INFO:PyCaret optional dependencies:
2024-11-25 16:18:24,728:INFO:                shap: Not installed
2024-11-25 16:18:24,728:INFO:           interpret: Not installed
2024-11-25 16:18:24,728:INFO:                umap: Not installed
2024-11-25 16:18:24,728:INFO:     ydata_profiling: Not installed
2024-11-25 16:18:24,728:INFO:  explainerdashboard: Not installed
2024-11-25 16:18:24,728:INFO:             autoviz: Not installed
2024-11-25 16:18:24,728:INFO:           fairlearn: Not installed
2024-11-25 16:18:24,728:INFO:          deepchecks: Not installed
2024-11-25 16:18:24,728:INFO:             xgboost: Not installed
2024-11-25 16:18:24,729:INFO:            catboost: Not installed
2024-11-25 16:18:24,729:INFO:              kmodes: Not installed
2024-11-25 16:18:24,729:INFO:             mlxtend: Not installed
2024-11-25 16:18:24,729:INFO:       statsforecast: Not installed
2024-11-25 16:18:24,729:INFO:        tune_sklearn: Not installed
2024-11-25 16:18:24,729:INFO:                 ray: Not installed
2024-11-25 16:18:24,729:INFO:            hyperopt: Not installed
2024-11-25 16:18:24,729:INFO:              optuna: Not installed
2024-11-25 16:18:24,729:INFO:               skopt: Not installed
2024-11-25 16:18:24,729:INFO:              mlflow: Not installed
2024-11-25 16:18:24,729:INFO:              gradio: Not installed
2024-11-25 16:18:24,730:INFO:             fastapi: Not installed
2024-11-25 16:18:24,730:INFO:             uvicorn: Not installed
2024-11-25 16:18:24,730:INFO:              m2cgen: Not installed
2024-11-25 16:18:24,730:INFO:           evidently: Not installed
2024-11-25 16:18:24,730:INFO:               fugue: Not installed
2024-11-25 16:18:24,730:INFO:           streamlit: Not installed
2024-11-25 16:18:24,730:INFO:             prophet: Not installed
2024-11-25 16:18:24,730:INFO:None
2024-11-25 16:18:24,730:INFO:Set up data.
2024-11-25 16:18:24,768:INFO:Set up folding strategy.
2024-11-25 16:18:24,769:INFO:Set up train/test split.
2024-11-25 16:19:03,749:INFO:PyCaret ClassificationExperiment
2024-11-25 16:19:03,750:INFO:Logging name: clf-default-name
2024-11-25 16:19:03,750:INFO:ML Usecase: MLUsecase.CLASSIFICATION
2024-11-25 16:19:03,750:INFO:version 3.3.2
2024-11-25 16:19:03,750:INFO:Initializing setup()
2024-11-25 16:19:03,750:INFO:self.USI: 360f
2024-11-25 16:19:03,750:INFO:self._variable_keys: {'X', '_ml_usecase', 'seed', 'y', 'X_test', 'data', 'exp_name_log', 'fix_imbalance', 'y_train', 'exp_id', 'target_param', 'fold_groups_param', 'n_jobs_param', '_available_plots', 'pipeline', 'log_plots_param', 'idx', 'is_multiclass', 'y_test', 'fold_generator', 'gpu_param', 'gpu_n_jobs_param', 'X_train', 'USI', 'fold_shuffle_param', 'logging_param', 'memory', 'html_param'}
2024-11-25 16:19:03,750:INFO:Checking environment
2024-11-25 16:19:03,750:INFO:python_version: 3.10.8
2024-11-25 16:19:03,750:INFO:python_build: ('tags/v3.10.8:aaaf517', 'Oct 11 2022 16:50:30')
2024-11-25 16:19:03,750:INFO:machine: AMD64
2024-11-25 16:19:03,750:INFO:platform: Windows-10-10.0.22631-SP0
2024-11-25 16:19:03,754:INFO:Memory: svmem(total=16974336000, available=5404844032, percent=68.2, used=11569491968, free=5404844032)
2024-11-25 16:19:03,755:INFO:Physical Core: 4
2024-11-25 16:19:03,755:INFO:Logical Core: 8
2024-11-25 16:19:03,755:INFO:Checking libraries
2024-11-25 16:19:03,755:INFO:System:
2024-11-25 16:19:03,755:INFO:    python: 3.10.8 (tags/v3.10.8:aaaf517, Oct 11 2022, 16:50:30) [MSC v.1933 64 bit (AMD64)]
2024-11-25 16:19:03,755:INFO:executable: c:\Users\woutp\Documents\3AI\Cloud AI\Project\CloudAI\project_venv\Scripts\python.exe
2024-11-25 16:19:03,755:INFO:   machine: Windows-10-10.0.22631-SP0
2024-11-25 16:19:03,755:INFO:PyCaret required dependencies:
2024-11-25 16:19:03,755:INFO:                 pip: 22.2.2
2024-11-25 16:19:03,755:INFO:          setuptools: 63.2.0
2024-11-25 16:19:03,755:INFO:             pycaret: 3.3.2
2024-11-25 16:19:03,755:INFO:             IPython: 8.29.0
2024-11-25 16:19:03,755:INFO:          ipywidgets: 8.1.5
2024-11-25 16:19:03,755:INFO:                tqdm: 4.67.1
2024-11-25 16:19:03,755:INFO:               numpy: 1.26.4
2024-11-25 16:19:03,755:INFO:              pandas: 2.1.4
2024-11-25 16:19:03,756:INFO:              jinja2: 3.1.4
2024-11-25 16:19:03,756:INFO:               scipy: 1.11.4
2024-11-25 16:19:03,756:INFO:              joblib: 1.3.2
2024-11-25 16:19:03,756:INFO:             sklearn: 1.4.2
2024-11-25 16:19:03,756:INFO:                pyod: 2.0.2
2024-11-25 16:19:03,756:INFO:            imblearn: 0.12.4
2024-11-25 16:19:03,756:INFO:   category_encoders: 2.6.4
2024-11-25 16:19:03,756:INFO:            lightgbm: 4.5.0
2024-11-25 16:19:03,757:INFO:               numba: 0.60.0
2024-11-25 16:19:03,757:INFO:            requests: 2.32.3
2024-11-25 16:19:03,757:INFO:          matplotlib: 3.7.5
2024-11-25 16:19:03,757:INFO:          scikitplot: 0.3.7
2024-11-25 16:19:03,758:INFO:         yellowbrick: 1.5
2024-11-25 16:19:03,758:INFO:              plotly: 5.24.1
2024-11-25 16:19:03,758:INFO:    plotly-resampler: Not installed
2024-11-25 16:19:03,758:INFO:             kaleido: 0.2.1
2024-11-25 16:19:03,758:INFO:           schemdraw: 0.15
2024-11-25 16:19:03,758:INFO:         statsmodels: 0.14.4
2024-11-25 16:19:03,758:INFO:              sktime: 0.26.0
2024-11-25 16:19:03,758:INFO:               tbats: 1.1.3
2024-11-25 16:19:03,759:INFO:            pmdarima: 2.0.4
2024-11-25 16:19:03,759:INFO:              psutil: 6.1.0
2024-11-25 16:19:03,759:INFO:          markupsafe: 3.0.2
2024-11-25 16:19:03,759:INFO:             pickle5: Not installed
2024-11-25 16:19:03,759:INFO:         cloudpickle: 3.1.0
2024-11-25 16:19:03,759:INFO:         deprecation: 2.1.0
2024-11-25 16:19:03,759:INFO:              xxhash: 3.5.0
2024-11-25 16:19:03,759:INFO:           wurlitzer: Not installed
2024-11-25 16:19:03,759:INFO:PyCaret optional dependencies:
2024-11-25 16:19:03,760:INFO:                shap: Not installed
2024-11-25 16:19:03,760:INFO:           interpret: Not installed
2024-11-25 16:19:03,760:INFO:                umap: Not installed
2024-11-25 16:19:03,760:INFO:     ydata_profiling: Not installed
2024-11-25 16:19:03,760:INFO:  explainerdashboard: Not installed
2024-11-25 16:19:03,760:INFO:             autoviz: Not installed
2024-11-25 16:19:03,760:INFO:           fairlearn: Not installed
2024-11-25 16:19:03,760:INFO:          deepchecks: Not installed
2024-11-25 16:19:03,760:INFO:             xgboost: Not installed
2024-11-25 16:19:03,760:INFO:            catboost: Not installed
2024-11-25 16:19:03,760:INFO:              kmodes: Not installed
2024-11-25 16:19:03,760:INFO:             mlxtend: Not installed
2024-11-25 16:19:03,761:INFO:       statsforecast: Not installed
2024-11-25 16:19:03,761:INFO:        tune_sklearn: Not installed
2024-11-25 16:19:03,761:INFO:                 ray: Not installed
2024-11-25 16:19:03,761:INFO:            hyperopt: Not installed
2024-11-25 16:19:03,761:INFO:              optuna: Not installed
2024-11-25 16:19:03,761:INFO:               skopt: Not installed
2024-11-25 16:19:03,761:INFO:              mlflow: Not installed
2024-11-25 16:19:03,761:INFO:              gradio: Not installed
2024-11-25 16:19:03,761:INFO:             fastapi: Not installed
2024-11-25 16:19:03,761:INFO:             uvicorn: Not installed
2024-11-25 16:19:03,761:INFO:              m2cgen: Not installed
2024-11-25 16:19:03,761:INFO:           evidently: Not installed
2024-11-25 16:19:03,761:INFO:               fugue: Not installed
2024-11-25 16:19:03,761:INFO:           streamlit: Not installed
2024-11-25 16:19:03,761:INFO:             prophet: Not installed
2024-11-25 16:19:03,761:INFO:None
2024-11-25 16:19:03,761:INFO:Set up data.
2024-11-25 16:19:03,775:INFO:Set up folding strategy.
2024-11-25 16:19:03,775:INFO:Set up train/test split.
2024-11-25 16:33:32,340:INFO:PyCaret ClassificationExperiment
2024-11-25 16:33:32,343:INFO:Logging name: clf-default-name
2024-11-25 16:33:32,343:INFO:ML Usecase: MLUsecase.CLASSIFICATION
2024-11-25 16:33:32,343:INFO:version 3.3.2
2024-11-25 16:33:32,343:INFO:Initializing setup()
2024-11-25 16:33:32,343:INFO:self.USI: 77d4
2024-11-25 16:33:32,343:INFO:self._variable_keys: {'X', '_ml_usecase', 'seed', 'y', 'X_test', 'data', 'exp_name_log', 'fix_imbalance', 'y_train', 'exp_id', 'target_param', 'fold_groups_param', 'n_jobs_param', '_available_plots', 'pipeline', 'log_plots_param', 'idx', 'is_multiclass', 'y_test', 'fold_generator', 'gpu_param', 'gpu_n_jobs_param', 'X_train', 'USI', 'fold_shuffle_param', 'logging_param', 'memory', 'html_param'}
2024-11-25 16:33:32,347:INFO:Checking environment
2024-11-25 16:33:32,348:INFO:python_version: 3.10.8
2024-11-25 16:33:32,348:INFO:python_build: ('tags/v3.10.8:aaaf517', 'Oct 11 2022 16:50:30')
2024-11-25 16:33:32,348:INFO:machine: AMD64
2024-11-25 16:33:32,350:INFO:platform: Windows-10-10.0.22631-SP0
2024-11-25 16:33:32,359:INFO:Memory: svmem(total=16974336000, available=5070913536, percent=70.1, used=11903422464, free=5070913536)
2024-11-25 16:33:32,360:INFO:Physical Core: 4
2024-11-25 16:33:32,360:INFO:Logical Core: 8
2024-11-25 16:33:32,361:INFO:Checking libraries
2024-11-25 16:33:32,361:INFO:System:
2024-11-25 16:33:32,364:INFO:    python: 3.10.8 (tags/v3.10.8:aaaf517, Oct 11 2022, 16:50:30) [MSC v.1933 64 bit (AMD64)]
2024-11-25 16:33:32,365:INFO:executable: c:\Users\woutp\Documents\3AI\Cloud AI\Project\CloudAI\project_venv\Scripts\python.exe
2024-11-25 16:33:32,367:INFO:   machine: Windows-10-10.0.22631-SP0
2024-11-25 16:33:32,367:INFO:PyCaret required dependencies:
2024-11-25 16:33:32,367:INFO:                 pip: 22.2.2
2024-11-25 16:33:32,368:INFO:          setuptools: 63.2.0
2024-11-25 16:33:32,368:INFO:             pycaret: 3.3.2
2024-11-25 16:33:32,368:INFO:             IPython: 8.29.0
2024-11-25 16:33:32,368:INFO:          ipywidgets: 8.1.5
2024-11-25 16:33:32,368:INFO:                tqdm: 4.67.1
2024-11-25 16:33:32,369:INFO:               numpy: 1.26.4
2024-11-25 16:33:32,369:INFO:              pandas: 2.1.4
2024-11-25 16:33:32,369:INFO:              jinja2: 3.1.4
2024-11-25 16:33:32,371:INFO:               scipy: 1.11.4
2024-11-25 16:33:32,372:INFO:              joblib: 1.3.2
2024-11-25 16:33:32,372:INFO:             sklearn: 1.4.2
2024-11-25 16:33:32,372:INFO:                pyod: 2.0.2
2024-11-25 16:33:32,372:INFO:            imblearn: 0.12.4
2024-11-25 16:33:32,373:INFO:   category_encoders: 2.6.4
2024-11-25 16:33:32,373:INFO:            lightgbm: 4.5.0
2024-11-25 16:33:32,373:INFO:               numba: 0.60.0
2024-11-25 16:33:32,374:INFO:            requests: 2.32.3
2024-11-25 16:33:32,374:INFO:          matplotlib: 3.7.5
2024-11-25 16:33:32,374:INFO:          scikitplot: 0.3.7
2024-11-25 16:33:32,375:INFO:         yellowbrick: 1.5
2024-11-25 16:33:32,377:INFO:              plotly: 5.24.1
2024-11-25 16:33:32,378:INFO:    plotly-resampler: Not installed
2024-11-25 16:33:32,378:INFO:             kaleido: 0.2.1
2024-11-25 16:33:32,378:INFO:           schemdraw: 0.15
2024-11-25 16:33:32,378:INFO:         statsmodels: 0.14.4
2024-11-25 16:33:32,378:INFO:              sktime: 0.26.0
2024-11-25 16:33:32,379:INFO:               tbats: 1.1.3
2024-11-25 16:33:32,379:INFO:            pmdarima: 2.0.4
2024-11-25 16:33:32,380:INFO:              psutil: 6.1.0
2024-11-25 16:33:32,380:INFO:          markupsafe: 3.0.2
2024-11-25 16:33:32,381:INFO:             pickle5: Not installed
2024-11-25 16:33:32,381:INFO:         cloudpickle: 3.1.0
2024-11-25 16:33:32,382:INFO:         deprecation: 2.1.0
2024-11-25 16:33:32,382:INFO:              xxhash: 3.5.0
2024-11-25 16:33:32,382:INFO:           wurlitzer: Not installed
2024-11-25 16:33:32,382:INFO:PyCaret optional dependencies:
2024-11-25 16:33:32,382:INFO:                shap: Not installed
2024-11-25 16:33:32,383:INFO:           interpret: Not installed
2024-11-25 16:33:32,383:INFO:                umap: Not installed
2024-11-25 16:33:32,384:INFO:     ydata_profiling: Not installed
2024-11-25 16:33:32,385:INFO:  explainerdashboard: Not installed
2024-11-25 16:33:32,385:INFO:             autoviz: Not installed
2024-11-25 16:33:32,385:INFO:           fairlearn: Not installed
2024-11-25 16:33:32,387:INFO:          deepchecks: Not installed
2024-11-25 16:33:32,388:INFO:             xgboost: Not installed
2024-11-25 16:33:32,388:INFO:            catboost: Not installed
2024-11-25 16:33:32,388:INFO:              kmodes: Not installed
2024-11-25 16:33:32,394:INFO:             mlxtend: Not installed
2024-11-25 16:33:32,394:INFO:       statsforecast: Not installed
2024-11-25 16:33:32,395:INFO:        tune_sklearn: Not installed
2024-11-25 16:33:32,395:INFO:                 ray: Not installed
2024-11-25 16:33:32,398:INFO:            hyperopt: Not installed
2024-11-25 16:33:32,399:INFO:              optuna: Not installed
2024-11-25 16:33:32,400:INFO:               skopt: Not installed
2024-11-25 16:33:32,400:INFO:              mlflow: Not installed
2024-11-25 16:33:32,400:INFO:              gradio: Not installed
2024-11-25 16:33:32,401:INFO:             fastapi: Not installed
2024-11-25 16:33:32,401:INFO:             uvicorn: Not installed
2024-11-25 16:33:32,401:INFO:              m2cgen: Not installed
2024-11-25 16:33:32,401:INFO:           evidently: Not installed
2024-11-25 16:33:32,401:INFO:               fugue: Not installed
2024-11-25 16:33:32,401:INFO:           streamlit: Not installed
2024-11-25 16:33:32,401:INFO:             prophet: Not installed
2024-11-25 16:33:32,401:INFO:None
2024-11-25 16:33:32,405:INFO:Set up data.
2024-11-25 16:33:32,437:INFO:Set up folding strategy.
2024-11-25 16:33:32,437:INFO:Set up train/test split.
2024-11-25 18:06:33,220:WARNING:
'prophet' is a soft dependency and not included in the pycaret installation. Please run: `pip install prophet` to install.
2024-11-27 09:39:46,813:WARNING:
'prophet' is a soft dependency and not included in the pycaret installation. Please run: `pip install prophet` to install.
2024-11-27 11:22:17,211:WARNING:
'prophet' is a soft dependency and not included in the pycaret installation. Please run: `pip install prophet` to install.
2024-11-27 12:35:40,834:WARNING:
'prophet' is a soft dependency and not included in the pycaret installation. Please run: `pip install prophet` to install.
2024-11-27 13:11:15,210:WARNING:c:\Users\woutp\Documents\3AI\Cloud AI\Project\CloudAI\project_venv\lib\site-packages\xgboost\core.py:158: UserWarning: [13:11:15] WARNING: C:\buildkite-agent\builds\buildkite-windows-cpu-autoscaling-group-i-0c55ff5f71b100e98-1\xgboost\xgboost-ci-windows\src\common\error_msg.cc:52: Empty dataset at worker: 0
  warnings.warn(smsg, UserWarning)

2024-11-27 16:14:02,073:WARNING:
'prophet' is a soft dependency and not included in the pycaret installation. Please run: `pip install prophet` to install.
2024-11-27 16:58:06,117:WARNING:C:\Users\woutp\AppData\Local\Temp\ipykernel_6988\3902914400.py:23: RuntimeWarning: invalid value encountered in cast
  plain_integers = predictions.astype(int)

2024-11-27 17:33:19,309:WARNING:C:\Users\woutp\AppData\Local\Temp\ipykernel_6988\3940465301.py:23: RuntimeWarning: invalid value encountered in cast
  plain_integers = predictions.astype(int)

2024-11-27 17:33:54,675:WARNING:C:\Users\woutp\AppData\Local\Temp\ipykernel_6988\2143002079.py:23: RuntimeWarning: invalid value encountered in cast
  plain_integers = predictions.astype(int).values

2024-11-27 17:34:13,397:WARNING:C:\Users\woutp\AppData\Local\Temp\ipykernel_6988\3940465301.py:23: RuntimeWarning: invalid value encountered in cast
  plain_integers = predictions.astype(int)

2024-11-28 15:50:23,114:WARNING:
'prophet' is a soft dependency and not included in the pycaret installation. Please run: `pip install prophet` to install.
2024-11-28 15:53:22,258:WARNING:
'prophet' is a soft dependency and not included in the pycaret installation. Please run: `pip install prophet` to install.
2024-11-28 15:57:03,894:WARNING:
'prophet' is a soft dependency and not included in the pycaret installation. Please run: `pip install prophet` to install.
2024-11-28 15:59:27,353:WARNING:
'prophet' is a soft dependency and not included in the pycaret installation. Please run: `pip install prophet` to install.
